<?xml version="1.0" encoding="UTF-8"?>
<!-- Generated by org.testng.reporters.JUnitReportReporter -->
<testsuite hostname="INLEN8520045804" failures="0" tests="11" name="runner.TestRunner" time="3.417" errors="0" timestamp="2022-08-17T11:09:51 IST" skipped="0">
  <testcase classname="runner.TestRunner" name="runScenario" time="0.177"/>
  <system-out/>
  <testcase classname="runner.TestRunner" name="runScenario" time="1.207"/>
  <system-out/>
  <testcase classname="runner.TestRunner" name="runScenario" time="0.200"/>
  <system-out/>
  <testcase classname="runner.TestRunner" name="runScenario" time="0.204"/>
  <system-out/>
  <testcase classname="runner.TestRunner" name="runScenario" time="0.110"/>
  <system-out/>
  <testcase classname="runner.TestRunner" name="runScenario" time="0.116"/>
  <system-out/>
  <testcase classname="runner.TestRunner" name="runScenario" time="0.672"/>
  <system-out/>
  <testcase classname="runner.TestRunner" name="runScenario" time="0.182"/>
  <system-out/>
  <testcase classname="runner.TestRunner" name="runScenario" time="0.187"/>
  <system-out/>
  <testcase classname="runner.TestRunner" name="runScenario" time="0.182"/>
  <system-out/>
  <testcase classname="runner.TestRunner" name="runScenario" time="0.180"/>
  <system-out/>
</testsuite> <!-- runner.TestRunner -->
