<?xml version="1.0" encoding="UTF-8"?>
<!-- Generated by org.testng.reporters.JUnitReportReporter -->
<testsuite hostname="INLEN8520045804" failures="0" tests="11" name="runner.TestRunner" time="5.310" errors="0" timestamp="2022-08-17T09:45:32 IST" skipped="0">
  <testcase classname="runner.TestRunner" name="runScenario" time="0.135"/>
  <system-out/>
  <testcase classname="runner.TestRunner" name="runScenario" time="0.284"/>
  <system-out/>
  <testcase classname="runner.TestRunner" name="runScenario" time="0.248"/>
  <system-out/>
  <testcase classname="runner.TestRunner" name="runScenario" time="0.951"/>
  <system-out/>
  <testcase classname="runner.TestRunner" name="runScenario" time="0.403"/>
  <system-out/>
  <testcase classname="runner.TestRunner" name="runScenario" time="0.346"/>
  <system-out/>
  <testcase classname="runner.TestRunner" name="runScenario" time="0.423"/>
  <system-out/>
  <testcase classname="runner.TestRunner" name="runScenario" time="0.179"/>
  <system-out/>
  <testcase classname="runner.TestRunner" name="runScenario" time="1.747"/>
  <system-out/>
  <testcase classname="runner.TestRunner" name="runScenario" time="0.334"/>
  <system-out/>
  <testcase classname="runner.TestRunner" name="runScenario" time="0.260"/>
  <system-out/>
</testsuite> <!-- runner.TestRunner -->
